{"/Users/maddi/code/billy/src/App.vue": {"path":"/Users/maddi/code/billy/src/App.vue","statementMap":{"0":{"start":{"line":11,"column":0},"end":{"line":13,"column":null}},"1":{"start":{"line":12,"column":0},"end":{"line":12,"column":null}}},"fnMap":{"0":{"name":"created","decl":{"start":{"line":10,"column":0},"end":{"line":10,"column":null}},"loc":{"start":{"line":10,"column":0},"end":{"line":14,"column":null}}}},"branchMap":{"0":{"loc":{"start":{"line":11,"column":0},"end":{"line":13,"column":null}},"type":"if","locations":[{"start":{"line":11,"column":0},"end":{"line":13,"column":null}},{"start":{"line":11,"column":0},"end":{"line":13,"column":null}}]}},"s":{"0":0,"1":0},"f":{"0":0},"b":{"0":[0,0]}}
,"/Users/maddi/code/billy/src/boot/axios.js": {"path":"/Users/maddi/code/billy/src/boot/axios.js","statementMap":{"0":{"start":{"line":5,"column":12},"end":{"line":10,"column":2}},"1":{"start":{"line":13,"column":0},"end":{"line":24,"column":2}},"2":{"start":{"line":17,"column":4},"end":{"line":17,"column":20}},"3":{"start":{"line":22,"column":4},"end":{"line":22,"column":33}},"4":{"start":{"line":26,"column":0},"end":{"line":26,"column":29}},"5":{"start":{"line":27,"column":0},"end":{"line":27,"column":25}}},"fnMap":{"0":{"name":"(anonymous_0)","decl":{"start":{"line":14,"column":2},"end":{"line":14,"column":3}},"loc":{"start":{"line":14,"column":21},"end":{"line":18,"column":3}},"line":14},"1":{"name":"(anonymous_1)","decl":{"start":{"line":19,"column":2},"end":{"line":19,"column":3}},"loc":{"start":{"line":19,"column":18},"end":{"line":23,"column":3}},"line":19}},"branchMap":{},"s":{"0":0,"1":0,"2":0,"3":0,"4":0,"5":0},"f":{"0":0,"1":0},"b":{},"hash":"d501029e21f23c9214f2b69421216353b31fb09c"}
,"/Users/maddi/code/billy/src/boot/logrocket.js": {"path":"/Users/maddi/code/billy/src/boot/logrocket.js","statementMap":{"0":{"start":{"line":2,"column":0},"end":{"line":2,"column":31}}},"fnMap":{},"branchMap":{},"s":{"0":0},"f":{},"b":{},"hash":"c45c97414cb3bfb4cf2ce0e110ef2bbc8380907e"}
,"/Users/maddi/code/billy/src/boot/vuejs-logger.js": {"path":"/Users/maddi/code/billy/src/boot/vuejs-logger.js","statementMap":{"0":{"start":{"line":3,"column":21},"end":{"line":3,"column":58}},"1":{"start":{"line":4,"column":16},"end":{"line":12,"column":1}},"2":{"start":{"line":15,"column":2},"end":{"line":15,"column":30}}},"fnMap":{"0":{"name":"(anonymous_0)","decl":{"start":{"line":14,"column":15},"end":{"line":14,"column":16}},"loc":{"start":{"line":14,"column":26},"end":{"line":16,"column":1}},"line":14}},"branchMap":{},"s":{"0":0,"1":0,"2":0},"f":{"0":0},"b":{},"hash":"0cfda0b09089456e562dd34fd91bf6cdd1cef532"}
,"/Users/maddi/code/billy/src/classes/BillyForm.js": {"path":"/Users/maddi/code/billy/src/classes/BillyForm.js","statementMap":{"0":{"start":{"line":5,"column":4},"end":{"line":5,"column":44}},"1":{"start":{"line":6,"column":4},"end":{"line":6,"column":49}},"2":{"start":{"line":7,"column":4},"end":{"line":7,"column":24}},"3":{"start":{"line":8,"column":4},"end":{"line":8,"column":26}},"4":{"start":{"line":9,"column":4},"end":{"line":9,"column":17}},"5":{"start":{"line":13,"column":4},"end":{"line":13,"column":44}},"6":{"start":{"line":14,"column":4},"end":{"line":14,"column":26}},"7":{"start":{"line":15,"column":4},"end":{"line":15,"column":24}},"8":{"start":{"line":19,"column":4},"end":{"line":19,"column":25}},"9":{"start":{"line":20,"column":4},"end":{"line":20,"column":24}},"10":{"start":{"line":24,"column":4},"end":{"line":24,"column":26}},"11":{"start":{"line":25,"column":4},"end":{"line":25,"column":24}},"12":{"start":{"line":29,"column":4},"end":{"line":29,"column":26}},"13":{"start":{"line":31,"column":19},"end":{"line":31,"column":48}},"14":{"start":{"line":33,"column":4},"end":{"line":35,"column":5}},"15":{"start":{"line":34,"column":6},"end":{"line":34,"column":35}},"16":{"start":{"line":39,"column":4},"end":{"line":39,"column":36}},"17":{"start":{"line":43,"column":18},"end":{"line":43,"column":36}},"18":{"start":{"line":44,"column":4},"end":{"line":44,"column":26}},"19":{"start":{"line":48,"column":4},"end":{"line":48,"column":24}},"20":{"start":{"line":52,"column":21},"end":{"line":52,"column":39}},"21":{"start":{"line":54,"column":4},"end":{"line":56,"column":5}},"22":{"start":{"line":55,"column":6},"end":{"line":55,"column":35}},"23":{"start":{"line":60,"column":19},"end":{"line":60,"column":65}},"24":{"start":{"line":61,"column":4},"end":{"line":65,"column":5}},"25":{"start":{"line":62,"column":6},"end":{"line":62,"column":28}},"26":{"start":{"line":64,"column":6},"end":{"line":64,"column":26}}},"fnMap":{"0":{"name":"(anonymous_0)","decl":{"start":{"line":4,"column":2},"end":{"line":4,"column":3}},"loc":{"start":{"line":4,"column":25},"end":{"line":10,"column":3}},"line":4},"1":{"name":"(anonymous_1)","decl":{"start":{"line":12,"column":2},"end":{"line":12,"column":3}},"loc":{"start":{"line":12,"column":10},"end":{"line":16,"column":3}},"line":12},"2":{"name":"(anonymous_2)","decl":{"start":{"line":18,"column":2},"end":{"line":18,"column":3}},"loc":{"start":{"line":18,"column":20},"end":{"line":21,"column":3}},"line":18},"3":{"name":"(anonymous_3)","decl":{"start":{"line":23,"column":2},"end":{"line":23,"column":3}},"loc":{"start":{"line":23,"column":21},"end":{"line":26,"column":3}},"line":23},"4":{"name":"(anonymous_4)","decl":{"start":{"line":28,"column":2},"end":{"line":28,"column":3}},"loc":{"start":{"line":28,"column":31},"end":{"line":36,"column":3}},"line":28},"5":{"name":"(anonymous_5)","decl":{"start":{"line":38,"column":2},"end":{"line":38,"column":3}},"loc":{"start":{"line":38,"column":16},"end":{"line":40,"column":3}},"line":38},"6":{"name":"(anonymous_6)","decl":{"start":{"line":42,"column":2},"end":{"line":42,"column":3}},"loc":{"start":{"line":42,"column":16},"end":{"line":45,"column":3}},"line":42},"7":{"name":"(anonymous_7)","decl":{"start":{"line":47,"column":2},"end":{"line":47,"column":3}},"loc":{"start":{"line":47,"column":17},"end":{"line":49,"column":3}},"line":47},"8":{"name":"(anonymous_8)","decl":{"start":{"line":51,"column":2},"end":{"line":51,"column":3}},"loc":{"start":{"line":51,"column":19},"end":{"line":57,"column":3}},"line":51},"9":{"name":"(anonymous_9)","decl":{"start":{"line":59,"column":2},"end":{"line":59,"column":3}},"loc":{"start":{"line":59,"column":44},"end":{"line":66,"column":3}},"line":59}},"branchMap":{"0":{"loc":{"start":{"line":4,"column":14},"end":{"line":4,"column":23}},"type":"default-arg","locations":[{"start":{"line":4,"column":21},"end":{"line":4,"column":23}}],"line":4},"1":{"loc":{"start":{"line":33,"column":4},"end":{"line":35,"column":5}},"type":"if","locations":[{"start":{"line":33,"column":4},"end":{"line":35,"column":5}},{"start":{"line":33,"column":4},"end":{"line":35,"column":5}}],"line":33},"2":{"loc":{"start":{"line":54,"column":4},"end":{"line":56,"column":5}},"type":"if","locations":[{"start":{"line":54,"column":4},"end":{"line":56,"column":5}},{"start":{"line":54,"column":4},"end":{"line":56,"column":5}}],"line":54},"3":{"loc":{"start":{"line":59,"column":19},"end":{"line":59,"column":42}},"type":"default-arg","locations":[{"start":{"line":59,"column":40},"end":{"line":59,"column":42}}],"line":59},"4":{"loc":{"start":{"line":61,"column":4},"end":{"line":65,"column":5}},"type":"if","locations":[{"start":{"line":61,"column":4},"end":{"line":65,"column":5}},{"start":{"line":61,"column":4},"end":{"line":65,"column":5}}],"line":61}},"s":{"0":4,"1":4,"2":4,"3":4,"4":4,"5":4,"6":4,"7":4,"8":1,"9":1,"10":0,"11":0,"12":0,"13":0,"14":0,"15":0,"16":32,"17":16,"18":16,"19":5,"20":0,"21":0,"22":0,"23":0,"24":0,"25":0,"26":0},"f":{"0":4,"1":4,"2":1,"3":0,"4":0,"5":32,"6":16,"7":5,"8":0,"9":0},"b":{"0":[0],"1":[0,0],"2":[0,0],"3":[0],"4":[0,0]},"_coverageSchema":"43e27e138ebf9cfc5966b082cf9a028302ed4184","hash":"64180aea20d891a40552008d8e91d2222ee94e95"}
,"/Users/maddi/code/billy/src/components/contact/ContactModal.vue": {"path":"/Users/maddi/code/billy/src/components/contact/ContactModal.vue","statementMap":{"0":{"start":{"line":76,"column":0},"end":{"line":76,"column":null}},"1":{"start":{"line":81,"column":0},"end":{"line":81,"column":null}},"2":{"start":{"line":94,"column":0},"end":{"line":99,"column":null}},"3":{"start":{"line":94,"column":0},"end":{"line":94,"column":null}},"4":{"start":{"line":95,"column":0},"end":{"line":95,"column":null}},"5":{"start":{"line":103,"column":0},"end":{"line":103,"column":null}},"6":{"start":{"line":104,"column":0},"end":{"line":104,"column":null}},"7":{"start":{"line":108,"column":0},"end":{"line":108,"column":null}},"8":{"start":{"line":109,"column":0},"end":{"line":109,"column":null}},"9":{"start":{"line":111,"column":0},"end":{"line":128,"column":null}},"10":{"start":{"line":112,"column":0},"end":{"line":112,"column":null}},"11":{"start":{"line":113,"column":0},"end":{"line":113,"column":null}},"12":{"start":{"line":121,"column":0},"end":{"line":121,"column":null}},"13":{"start":{"line":122,"column":0},"end":{"line":122,"column":null}},"14":{"start":{"line":130,"column":0},"end":{"line":130,"column":null}},"15":{"start":{"line":131,"column":0},"end":{"line":131,"column":null}},"16":{"start":{"line":106,"column":0},"end":{"line":106,"column":null}},"17":{"start":{"line":135,"column":0},"end":{"line":135,"column":null}},"18":{"start":{"line":136,"column":0},"end":{"line":136,"column":null}},"19":{"start":{"line":137,"column":0},"end":{"line":137,"column":null}},"20":{"start":{"line":139,"column":0},"end":{"line":139,"column":null}},"21":{"start":{"line":143,"column":0},"end":{"line":143,"column":null}},"22":{"start":{"line":146,"column":0},"end":{"line":146,"column":null}},"23":{"start":{"line":149,"column":0},"end":{"line":149,"column":null}},"24":{"start":{"line":152,"column":0},"end":{"line":152,"column":null}},"25":{"start":{"line":153,"column":0},"end":{"line":153,"column":null}},"26":{"start":{"line":154,"column":0},"end":{"line":154,"column":null}},"27":{"start":{"line":157,"column":0},"end":{"line":157,"column":null}},"28":{"start":{"line":163,"column":0},"end":{"line":163,"column":null}},"29":{"start":{"line":171,"column":0},"end":{"line":171,"column":null}},"30":{"start":{"line":172,"column":0},"end":{"line":172,"column":null}},"31":{"start":{"line":174,"column":0},"end":{"line":174,"column":null}},"32":{"start":{"line":175,"column":0},"end":{"line":175,"column":null}},"33":{"start":{"line":179,"column":0},"end":{"line":179,"column":null}},"34":{"start":{"line":106,"column":0},"end":{"line":180,"column":null}},"35":{"start":{"line":180,"column":0},"end":{"line":180,"column":null}},"36":{"start":{"line":183,"column":0},"end":{"line":183,"column":null}},"37":{"start":{"line":184,"column":0},"end":{"line":184,"column":null}},"38":{"start":{"line":187,"column":0},"end":{"line":187,"column":null}},"39":{"start":{"line":106,"column":0},"end":{"line":188,"column":null}},"40":{"start":{"line":188,"column":0},"end":{"line":188,"column":null}},"41":{"start":{"line":191,"column":0},"end":{"line":191,"column":null}},"42":{"start":{"line":192,"column":0},"end":{"line":192,"column":null}}},"fnMap":{"0":{"name":"data","decl":{"start":{"line":80,"column":0},"end":{"line":80,"column":null}},"loc":{"start":{"line":80,"column":0},"end":{"line":85,"column":null}}},"1":{"name":"countryOptions","decl":{"start":{"line":93,"column":0},"end":{"line":93,"column":null}},"loc":{"start":{"line":93,"column":0},"end":{"line":100,"column":null}}},"2":{"name":"(anonymous_3)","decl":{"start":{"line":94,"column":0},"end":{"line":94,"column":null}},"loc":{"start":{"line":94,"column":0},"end":{"line":99,"column":null}}},"3":{"name":"created","decl":{"start":{"line":102,"column":0},"end":{"line":102,"column":null}},"loc":{"start":{"line":102,"column":0},"end":{"line":105,"column":null}}},"4":{"name":"setForm","decl":{"start":{"line":107,"column":0},"end":{"line":107,"column":null}},"loc":{"start":{"line":107,"column":0},"end":{"line":132,"column":null}}},"5":{"name":"(anonymous_6)","decl":{"start":{"line":133,"column":0},"end":{"line":133,"column":null}},"loc":{"start":{"line":133,"column":0},"end":{"line":106,"column":null}}},"6":{"name":"_callee","decl":{"start":{"line":106,"column":0},"end":{"line":106,"column":null}},"loc":{"start":{"line":106,"column":0},"end":{"line":106,"column":null}}},"7":{"name":"hide","decl":{"start":{"line":142,"column":0},"end":{"line":142,"column":null}},"loc":{"start":{"line":142,"column":0},"end":{"line":144,"column":null}}},"8":{"name":"onHide","decl":{"start":{"line":145,"column":0},"end":{"line":145,"column":null}},"loc":{"start":{"line":145,"column":0},"end":{"line":147,"column":null}}},"9":{"name":"onShow","decl":{"start":{"line":148,"column":0},"end":{"line":148,"column":null}},"loc":{"start":{"line":148,"column":0},"end":{"line":150,"column":null}}},"10":{"name":"cancel","decl":{"start":{"line":151,"column":0},"end":{"line":151,"column":null}},"loc":{"start":{"line":151,"column":0},"end":{"line":155,"column":null}}},"11":{"name":"(anonymous_14)","decl":{"start":{"line":156,"column":0},"end":{"line":156,"column":null}},"loc":{"start":{"line":156,"column":0},"end":{"line":106,"column":null}}},"12":{"name":"(anonymous_18)","decl":{"start":{"line":178,"column":0},"end":{"line":178,"column":null}},"loc":{"start":{"line":178,"column":0},"end":{"line":106,"column":null}}},"13":{"name":"(anonymous_22)","decl":{"start":{"line":186,"column":0},"end":{"line":186,"column":null}},"loc":{"start":{"line":186,"column":0},"end":{"line":106,"column":null}}}},"branchMap":{"0":{"loc":{"start":{"line":111,"column":0},"end":{"line":128,"column":null}},"type":"if","locations":[{"start":{"line":111,"column":0},"end":{"line":128,"column":null}},{"start":{"line":111,"column":0},"end":{"line":128,"column":null}}]},"1":{"loc":{"start":{"line":106,"column":0},"end":{"line":106,"column":null}},"type":"switch","locations":[{"start":{"line":106,"column":0},"end":{"line":106,"column":null}},{"start":{"line":106,"column":0},"end":{"line":106,"column":null}},{"start":{"line":106,"column":0},"end":{"line":139,"column":null}},{"start":{"line":106,"column":0},"end":{"line":106,"column":null}},{"start":{"line":106,"column":0},"end":{"line":106,"column":null}}]},"2":{"loc":{"start":{"line":106,"column":0},"end":{"line":106,"column":null}},"type":"switch","locations":[{"start":{"line":106,"column":0},"end":{"line":106,"column":null}},{"start":{"line":106,"column":0},"end":{"line":106,"column":null}},{"start":{"line":106,"column":0},"end":{"line":106,"column":null}},{"start":{"line":106,"column":0},"end":{"line":106,"column":null}},{"start":{"line":106,"column":0},"end":{"line":106,"column":null}},{"start":{"line":106,"column":0},"end":{"line":175,"column":null}},{"start":{"line":106,"column":0},"end":{"line":106,"column":null}},{"start":{"line":106,"column":0},"end":{"line":106,"column":null}}]},"3":{"loc":{"start":{"line":106,"column":0},"end":{"line":106,"column":null}},"type":"if","locations":[{"start":{"line":106,"column":0},"end":{"line":106,"column":null}},{"start":{"line":106,"column":0},"end":{"line":106,"column":null}}]},"4":{"loc":{"start":{"line":106,"column":0},"end":{"line":180,"column":null}},"type":"switch","locations":[{"start":{"line":106,"column":0},"end":{"line":180,"column":null}},{"start":{"line":106,"column":0},"end":{"line":184,"column":null}},{"start":{"line":106,"column":0},"end":{"line":106,"column":null}},{"start":{"line":106,"column":0},"end":{"line":106,"column":null}}]},"5":{"loc":{"start":{"line":106,"column":0},"end":{"line":188,"column":null}},"type":"switch","locations":[{"start":{"line":106,"column":0},"end":{"line":188,"column":null}},{"start":{"line":106,"column":0},"end":{"line":192,"column":null}},{"start":{"line":106,"column":0},"end":{"line":106,"column":null}},{"start":{"line":106,"column":0},"end":{"line":106,"column":null}}]}},"s":{"0":1,"1":4,"2":4,"3":0,"4":0,"5":4,"6":4,"7":4,"8":4,"9":4,"10":1,"11":1,"12":3,"13":3,"14":4,"15":4,"16":74,"17":0,"18":0,"19":0,"20":3,"21":0,"22":0,"23":0,"24":0,"25":0,"26":0,"27":1,"28":1,"29":0,"30":0,"31":0,"32":0,"33":1,"34":1,"35":0,"36":0,"37":0,"38":0,"39":0,"40":0,"41":0,"42":0},"f":{"0":4,"1":4,"2":0,"3":4,"4":4,"5":1,"6":22,"7":0,"8":0,"9":0,"10":0,"11":1,"12":1,"13":1},"b":{"0":[1,3],"1":[4,0,3,3,3],"2":[1,1,0,1,0,0,0,0],"3":[2,0],"4":[1,0,0,1],"5":[0,0,0,0]}}
,"/Users/maddi/code/billy/src/components/contact/ContactsTable.vue": {"path":"/Users/maddi/code/billy/src/components/contact/ContactsTable.vue","statementMap":{"0":{"start":{"line":69,"column":0},"end":{"line":69,"column":null}},"1":{"start":{"line":77,"column":0},"end":{"line":77,"column":null}},"2":{"start":{"line":129,"column":0},"end":{"line":129,"column":null}},"3":{"start":{"line":130,"column":0},"end":{"line":130,"column":null}},"4":{"start":{"line":135,"column":0},"end":{"line":135,"column":null}},"5":{"start":{"line":137,"column":0},"end":{"line":137,"column":null}},"6":{"start":{"line":139,"column":0},"end":{"line":139,"column":null}},"7":{"start":{"line":140,"column":0},"end":{"line":140,"column":null}},"8":{"start":{"line":141,"column":0},"end":{"line":141,"column":null}},"9":{"start":{"line":142,"column":0},"end":{"line":142,"column":null}},"10":{"start":{"line":143,"column":0},"end":{"line":143,"column":null}},"11":{"start":{"line":137,"column":0},"end":{"line":146,"column":null}},"12":{"start":{"line":146,"column":0},"end":{"line":146,"column":null}},"13":{"start":{"line":155,"column":0},"end":{"line":155,"column":null}},"14":{"start":{"line":156,"column":0},"end":{"line":156,"column":null}},"15":{"start":{"line":157,"column":0},"end":{"line":157,"column":null}},"16":{"start":{"line":158,"column":0},"end":{"line":158,"column":null}},"17":{"start":{"line":159,"column":0},"end":{"line":159,"column":null}},"18":{"start":{"line":160,"column":0},"end":{"line":160,"column":null}},"19":{"start":{"line":161,"column":0},"end":{"line":161,"column":null}},"20":{"start":{"line":162,"column":0},"end":{"line":162,"column":null}},"21":{"start":{"line":163,"column":0},"end":{"line":163,"column":null}},"22":{"start":{"line":165,"column":0},"end":{"line":165,"column":null}},"23":{"start":{"line":167,"column":0},"end":{"line":167,"column":null}},"24":{"start":{"line":170,"column":0},"end":{"line":170,"column":null}},"25":{"start":{"line":172,"column":0},"end":{"line":172,"column":null}},"26":{"start":{"line":174,"column":0},"end":{"line":174,"column":null}},"27":{"start":{"line":175,"column":0},"end":{"line":175,"column":null}},"28":{"start":{"line":177,"column":0},"end":{"line":177,"column":null}},"29":{"start":{"line":178,"column":0},"end":{"line":178,"column":null}},"30":{"start":{"line":182,"column":0},"end":{"line":182,"column":null}},"31":{"start":{"line":183,"column":0},"end":{"line":183,"column":null}},"32":{"start":{"line":184,"column":0},"end":{"line":184,"column":null}},"33":{"start":{"line":187,"column":0},"end":{"line":187,"column":null}},"34":{"start":{"line":190,"column":0},"end":{"line":190,"column":null}},"35":{"start":{"line":193,"column":0},"end":{"line":193,"column":null}},"36":{"start":{"line":194,"column":0},"end":{"line":194,"column":null}}},"fnMap":{"0":{"name":"data","decl":{"start":{"line":76,"column":0},"end":{"line":76,"column":null}},"loc":{"start":{"line":76,"column":0},"end":{"line":125,"column":null}}},"1":{"name":"handler","decl":{"start":{"line":128,"column":0},"end":{"line":128,"column":null}},"loc":{"start":{"line":128,"column":0},"end":{"line":131,"column":null}}},"2":{"name":"created","decl":{"start":{"line":134,"column":0},"end":{"line":134,"column":null}},"loc":{"start":{"line":134,"column":0},"end":{"line":136,"column":null}}},"3":{"name":"(anonymous_4)","decl":{"start":{"line":138,"column":0},"end":{"line":138,"column":null}},"loc":{"start":{"line":138,"column":0},"end":{"line":137,"column":null}}},"4":{"name":"_callee","decl":{"start":{"line":137,"column":0},"end":{"line":137,"column":null}},"loc":{"start":{"line":137,"column":0},"end":{"line":137,"column":null}}},"5":{"name":"(anonymous_8)","decl":{"start":{"line":169,"column":0},"end":{"line":169,"column":null}},"loc":{"start":{"line":169,"column":0},"end":{"line":137,"column":null}}},"6":{"name":"(anonymous_12)","decl":{"start":{"line":181,"column":0},"end":{"line":181,"column":null}},"loc":{"start":{"line":181,"column":0},"end":{"line":137,"column":null}}},"7":{"name":"onAdded","decl":{"start":{"line":186,"column":0},"end":{"line":186,"column":null}},"loc":{"start":{"line":186,"column":0},"end":{"line":188,"column":null}}},"8":{"name":"onUpdated","decl":{"start":{"line":189,"column":0},"end":{"line":189,"column":null}},"loc":{"start":{"line":189,"column":0},"end":{"line":191,"column":null}}},"9":{"name":"onContactModelHide","decl":{"start":{"line":192,"column":0},"end":{"line":192,"column":null}},"loc":{"start":{"line":192,"column":0},"end":{"line":195,"column":null}}}},"branchMap":{"0":{"loc":{"start":{"line":137,"column":0},"end":{"line":146,"column":null}},"type":"switch","locations":[{"start":{"line":137,"column":0},"end":{"line":146,"column":null}},{"start":{"line":137,"column":0},"end":{"line":137,"column":null}},{"start":{"line":137,"column":0},"end":{"line":165,"column":null}},{"start":{"line":137,"column":0},"end":{"line":167,"column":null}},{"start":{"line":137,"column":0},"end":{"line":137,"column":null}},{"start":{"line":137,"column":0},"end":{"line":137,"column":null}}]},"1":{"loc":{"start":{"line":137,"column":0},"end":{"line":137,"column":null}},"type":"cond-expr","locations":[{"start":{"line":137,"column":0},"end":{"line":137,"column":null}},{"start":{"line":137,"column":0},"end":{"line":137,"column":null}}]},"2":{"loc":{"start":{"line":140,"column":0},"end":{"line":140,"column":null}},"type":"binary-expr","locations":[{"start":{"line":140,"column":0},"end":{"line":140,"column":null}},{"start":{"line":140,"column":0},"end":{"line":140,"column":null}}]},"3":{"loc":{"start":{"line":152,"column":0},"end":{"line":152,"column":null}},"type":"cond-expr","locations":[{"start":{"line":152,"column":0},"end":{"line":152,"column":null}},{"start":{"line":152,"column":0},"end":{"line":152,"column":null}}]},"4":{"loc":{"start":{"line":137,"column":0},"end":{"line":137,"column":null}},"type":"switch","locations":[{"start":{"line":137,"column":0},"end":{"line":137,"column":null}},{"start":{"line":137,"column":0},"end":{"line":137,"column":null}},{"start":{"line":137,"column":0},"end":{"line":178,"column":null}},{"start":{"line":137,"column":0},"end":{"line":137,"column":null}},{"start":{"line":137,"column":0},"end":{"line":137,"column":null}}]},"5":{"loc":{"start":{"line":137,"column":0},"end":{"line":184,"column":null}},"type":"switch","locations":[{"start":{"line":137,"column":0},"end":{"line":184,"column":null}},{"start":{"line":137,"column":0},"end":{"line":137,"column":null}},{"start":{"line":137,"column":0},"end":{"line":137,"column":null}}]}},"s":{"0":0,"1":0,"2":0,"3":0,"4":0,"5":0,"6":0,"7":0,"8":0,"9":0,"10":0,"11":0,"12":0,"13":0,"14":0,"15":0,"16":0,"17":0,"18":0,"19":0,"20":0,"21":0,"22":0,"23":0,"24":0,"25":0,"26":0,"27":0,"28":0,"29":0,"30":0,"31":0,"32":0,"33":0,"34":0,"35":0,"36":0},"f":{"0":0,"1":0,"2":0,"3":0,"4":0,"5":0,"6":0,"7":0,"8":0,"9":0},"b":{"0":[0,0,0,0,0,0],"1":[0,0],"2":[0,0],"3":[0,0],"4":[0,0,0,0,0],"5":[0,0,0]}}
,"/Users/maddi/code/billy/src/pages/contact/ContactList.vue": {"path":"/Users/maddi/code/billy/src/pages/contact/ContactList.vue","statementMap":{"0":{"start":{"line":10,"column":0},"end":{"line":10,"column":null}}},"fnMap":{},"branchMap":{},"s":{"0":0},"f":{},"b":{}}
,"/Users/maddi/code/billy/src/router/index.js": {"path":"/Users/maddi/code/billy/src/router/index.js","statementMap":{"0":{"start":{"line":6,"column":0},"end":{"line":6,"column":18}},"1":{"start":{"line":18,"column":17},"end":{"line":27,"column":4}},"2":{"start":{"line":19,"column":27},"end":{"line":19,"column":41}},"3":{"start":{"line":29,"column":2},"end":{"line":29,"column":15}}},"fnMap":{"0":{"name":"(anonymous_0)","decl":{"start":{"line":17,"column":15},"end":{"line":17,"column":16}},"loc":{"start":{"line":17,"column":54},"end":{"line":30,"column":1}},"line":17},"1":{"name":"(anonymous_1)","decl":{"start":{"line":19,"column":20},"end":{"line":19,"column":21}},"loc":{"start":{"line":19,"column":27},"end":{"line":19,"column":41}},"line":19}},"branchMap":{},"s":{"0":0,"1":0,"2":0,"3":0},"f":{"0":0,"1":0},"b":{},"hash":"02a38455abf066c100a9420dac851e20e181bef7"}
,"/Users/maddi/code/billy/src/router/routes.js": {"path":"/Users/maddi/code/billy/src/router/routes.js","statementMap":{"0":{"start":{"line":1,"column":15},"end":{"line":9,"column":1}},"1":{"start":{"line":4,"column":21},"end":{"line":4,"column":53}},"2":{"start":{"line":6,"column":35},"end":{"line":6,"column":74}},"3":{"start":{"line":12,"column":0},"end":{"line":15,"column":3}},"4":{"start":{"line":14,"column":19},"end":{"line":14,"column":54}}},"fnMap":{"0":{"name":"(anonymous_0)","decl":{"start":{"line":4,"column":15},"end":{"line":4,"column":16}},"loc":{"start":{"line":4,"column":21},"end":{"line":4,"column":53}},"line":4},"1":{"name":"(anonymous_1)","decl":{"start":{"line":6,"column":29},"end":{"line":6,"column":30}},"loc":{"start":{"line":6,"column":35},"end":{"line":6,"column":74}},"line":6},"2":{"name":"(anonymous_2)","decl":{"start":{"line":14,"column":13},"end":{"line":14,"column":14}},"loc":{"start":{"line":14,"column":19},"end":{"line":14,"column":54}},"line":14}},"branchMap":{},"s":{"0":0,"1":0,"2":0,"3":0,"4":0},"f":{"0":0,"1":0,"2":0},"b":{},"hash":"4e77ae02ee036718537867089b4f5338dcc38ded"}
,"/Users/maddi/code/billy/src/store/index.js": {"path":"/Users/maddi/code/billy/src/store/index.js","statementMap":{"0":{"start":{"line":5,"column":0},"end":{"line":5,"column":14}}},"fnMap":{},"branchMap":{},"s":{"0":0},"f":{},"b":{},"hash":"dac5ed1ec29004387b463324310b520e1641fd19"}
,"/Users/maddi/code/billy/src/store/contact/actions.js": {"path":"/Users/maddi/code/billy/src/store/contact/actions.js","statementMap":{"0":{"start":{"line":6,"column":4},"end":{"line":11,"column":5}},"1":{"start":{"line":7,"column":23},"end":{"line":7,"column":48}},"2":{"start":{"line":8,"column":6},"end":{"line":8,"column":52}},"3":{"start":{"line":10,"column":6},"end":{"line":10,"column":27}}},"fnMap":{"0":{"name":"(anonymous_0)","decl":{"start":{"line":5,"column":31},"end":{"line":5,"column":32}},"loc":{"start":{"line":5,"column":53},"end":{"line":12,"column":3}},"line":5}},"branchMap":{},"s":{"0":0,"1":0,"2":0,"3":0},"f":{"0":0},"b":{},"hash":"eced671c5cb8139b85284c856059092b1f1f57fa"}
,"/Users/maddi/code/billy/src/store/contact/getters.js": {"path":"/Users/maddi/code/billy/src/store/contact/getters.js","statementMap":{},"fnMap":{"0":{"name":"(anonymous_0)","decl":{"start":{"line":2,"column":10},"end":{"line":2,"column":11}},"loc":{"start":{"line":2,"column":27},"end":{"line":4,"column":3}},"line":2}},"branchMap":{},"s":{},"f":{"0":0},"b":{},"hash":"f49ea7a8a0ebbe1e1779a0e8a1a20a6d6d37daab"}
,"/Users/maddi/code/billy/src/store/contact/index.js": {"path":"/Users/maddi/code/billy/src/store/contact/index.js","statementMap":{},"fnMap":{},"branchMap":{},"s":{},"f":{},"b":{},"hash":"6ab47d820a464da1d7f892f2fe2639a17a9fa7ad"}
,"/Users/maddi/code/billy/src/store/contact/mutations.js": {"path":"/Users/maddi/code/billy/src/store/contact/mutations.js","statementMap":{},"fnMap":{"0":{"name":"(anonymous_0)","decl":{"start":{"line":2,"column":12},"end":{"line":2,"column":13}},"loc":{"start":{"line":2,"column":25},"end":{"line":3,"column":3}},"line":2}},"branchMap":{},"s":{},"f":{"0":0},"b":{},"hash":"205b8f16300f102c6ea7ee4e8dd9ab1eee1bfa8e"}
,"/Users/maddi/code/billy/src/store/contact/state.js": {"path":"/Users/maddi/code/billy/src/store/contact/state.js","statementMap":{"0":{"start":{"line":2,"column":2},"end":{"line":4,"column":3}}},"fnMap":{"0":{"name":"(anonymous_0)","decl":{"start":{"line":1,"column":15},"end":{"line":1,"column":16}},"loc":{"start":{"line":1,"column":27},"end":{"line":5,"column":1}},"line":1}},"branchMap":{},"s":{"0":0},"f":{"0":0},"b":{},"hash":"26d284bbe6e1eefcb86939173049b5bbeb14b1d7"}
,"/Users/maddi/code/billy/src/store/contact/types.js": {"path":"/Users/maddi/code/billy/src/store/contact/types.js","statementMap":{"0":{"start":{"line":2,"column":35},"end":{"line":2,"column":56}},"1":{"start":{"line":5,"column":37},"end":{"line":5,"column":60}}},"fnMap":{},"branchMap":{},"s":{"0":0,"1":0},"f":{},"b":{},"hash":"e7012730d820a6a26492c058a3bf9897b6d08ba2"}
}
