TN:
SF:/Users/maddi/code/billy/src/App.vue
FN:10,created
FNF:1
FNH:0
FNDA:0,created
DA:11,0
DA:12,0
LF:2
LH:0
BRDA:11,0,0,0
BRDA:11,0,1,0
BRF:2
BRH:0
end_of_record
TN:
SF:/Users/maddi/code/billy/src/boot/axios.js
FN:14,(anonymous_0)
FN:19,(anonymous_1)
FNF:2
FNH:0
FNDA:0,(anonymous_0)
FNDA:0,(anonymous_1)
DA:5,0
DA:13,0
DA:17,0
DA:22,0
DA:26,0
DA:27,0
LF:6
LH:0
BRF:0
BRH:0
end_of_record
TN:
SF:/Users/maddi/code/billy/src/boot/logrocket.js
FNF:0
FNH:0
DA:2,0
LF:1
LH:0
BRF:0
BRH:0
end_of_record
TN:
SF:/Users/maddi/code/billy/src/boot/vuejs-logger.js
FN:14,(anonymous_0)
FNF:1
FNH:0
FNDA:0,(anonymous_0)
DA:3,0
DA:4,0
DA:15,0
LF:3
LH:0
BRF:0
BRH:0
end_of_record
TN:
SF:/Users/maddi/code/billy/src/classes/BillyForm.js
FN:4,(anonymous_0)
FN:12,(anonymous_1)
FN:18,(anonymous_2)
FN:23,(anonymous_3)
FN:28,(anonymous_4)
FN:38,(anonymous_5)
FN:42,(anonymous_6)
FN:47,(anonymous_7)
FN:51,(anonymous_8)
FN:59,(anonymous_9)
FNF:10
FNH:6
FNDA:4,(anonymous_0)
FNDA:4,(anonymous_1)
FNDA:1,(anonymous_2)
FNDA:0,(anonymous_3)
FNDA:0,(anonymous_4)
FNDA:32,(anonymous_5)
FNDA:16,(anonymous_6)
FNDA:5,(anonymous_7)
FNDA:0,(anonymous_8)
FNDA:0,(anonymous_9)
DA:5,4
DA:6,4
DA:7,4
DA:8,4
DA:9,4
DA:13,4
DA:14,4
DA:15,4
DA:19,1
DA:20,1
DA:24,0
DA:25,0
DA:29,0
DA:31,0
DA:33,0
DA:34,0
DA:39,32
DA:43,16
DA:44,16
DA:48,5
DA:52,0
DA:54,0
DA:55,0
DA:60,0
DA:61,0
DA:62,0
DA:64,0
LF:27
LH:14
BRDA:4,0,0,0
BRDA:33,1,0,0
BRDA:33,1,1,0
BRDA:54,2,0,0
BRDA:54,2,1,0
BRDA:59,3,0,0
BRDA:61,4,0,0
BRDA:61,4,1,0
BRF:8
BRH:0
end_of_record
TN:
SF:/Users/maddi/code/billy/src/components/contact/ContactModal.vue
FN:80,data
FN:93,countryOptions
FN:94,(anonymous_3)
FN:102,created
FN:107,setForm
FN:133,(anonymous_6)
FN:106,_callee
FN:142,hide
FN:145,onHide
FN:148,onShow
FN:151,cancel
FN:156,(anonymous_14)
FN:178,(anonymous_18)
FN:186,(anonymous_22)
FNF:14
FNH:9
FNDA:4,data
FNDA:4,countryOptions
FNDA:0,(anonymous_3)
FNDA:4,created
FNDA:4,setForm
FNDA:1,(anonymous_6)
FNDA:22,_callee
FNDA:0,hide
FNDA:0,onHide
FNDA:0,onShow
FNDA:0,cancel
FNDA:1,(anonymous_14)
FNDA:1,(anonymous_18)
FNDA:1,(anonymous_22)
DA:76,1
DA:81,4
DA:94,4
DA:95,0
DA:103,4
DA:104,4
DA:106,74
DA:108,4
DA:109,4
DA:111,4
DA:112,1
DA:113,1
DA:121,3
DA:122,3
DA:130,4
DA:131,4
DA:135,0
DA:136,0
DA:137,0
DA:139,3
DA:143,0
DA:146,0
DA:149,0
DA:152,0
DA:153,0
DA:154,0
DA:157,1
DA:163,1
DA:171,0
DA:172,0
DA:174,0
DA:175,0
DA:179,1
DA:180,0
DA:183,0
DA:184,0
DA:187,0
DA:188,0
DA:191,0
DA:192,0
LF:40
LH:19
BRDA:111,0,0,1
BRDA:111,0,1,3
BRDA:106,1,0,4
BRDA:106,1,1,0
BRDA:106,1,2,3
BRDA:106,1,3,3
BRDA:106,1,4,3
BRDA:106,2,0,1
BRDA:106,2,1,1
BRDA:106,2,2,0
BRDA:106,2,3,1
BRDA:106,2,4,0
BRDA:106,2,5,0
BRDA:106,2,6,0
BRDA:106,2,7,0
BRDA:106,3,0,2
BRDA:106,3,1,0
BRDA:106,4,0,1
BRDA:106,4,1,0
BRDA:106,4,2,0
BRDA:106,4,3,1
BRDA:106,5,0,0
BRDA:106,5,1,0
BRDA:106,5,2,0
BRDA:106,5,3,0
BRF:25
BRH:12
end_of_record
TN:
SF:/Users/maddi/code/billy/src/components/contact/ContactsTable.vue
FN:76,data
FN:128,handler
FN:134,created
FN:138,(anonymous_4)
FN:137,_callee
FN:169,(anonymous_8)
FN:181,(anonymous_12)
FN:186,onAdded
FN:189,onUpdated
FN:192,onContactModelHide
FNF:10
FNH:0
FNDA:0,data
FNDA:0,handler
FNDA:0,created
FNDA:0,(anonymous_4)
FNDA:0,_callee
FNDA:0,(anonymous_8)
FNDA:0,(anonymous_12)
FNDA:0,onAdded
FNDA:0,onUpdated
FNDA:0,onContactModelHide
DA:69,0
DA:77,0
DA:129,0
DA:130,0
DA:135,0
DA:137,0
DA:139,0
DA:140,0
DA:141,0
DA:142,0
DA:143,0
DA:146,0
DA:155,0
DA:156,0
DA:157,0
DA:158,0
DA:159,0
DA:160,0
DA:161,0
DA:162,0
DA:163,0
DA:165,0
DA:167,0
DA:170,0
DA:172,0
DA:174,0
DA:175,0
DA:177,0
DA:178,0
DA:182,0
DA:183,0
DA:184,0
DA:187,0
DA:190,0
DA:193,0
DA:194,0
LF:36
LH:0
BRDA:137,0,0,0
BRDA:137,0,1,0
BRDA:137,0,2,0
BRDA:137,0,3,0
BRDA:137,0,4,0
BRDA:137,0,5,0
BRDA:137,1,0,0
BRDA:137,1,1,0
BRDA:140,2,0,0
BRDA:140,2,1,0
BRDA:152,3,0,0
BRDA:152,3,1,0
BRDA:137,4,0,0
BRDA:137,4,1,0
BRDA:137,4,2,0
BRDA:137,4,3,0
BRDA:137,4,4,0
BRDA:137,5,0,0
BRDA:137,5,1,0
BRDA:137,5,2,0
BRF:20
BRH:0
end_of_record
TN:
SF:/Users/maddi/code/billy/src/pages/contact/ContactList.vue
FNF:0
FNH:0
DA:10,0
LF:1
LH:0
BRF:0
BRH:0
end_of_record
TN:
SF:/Users/maddi/code/billy/src/router/index.js
FN:17,(anonymous_0)
FN:19,(anonymous_1)
FNF:2
FNH:0
FNDA:0,(anonymous_0)
FNDA:0,(anonymous_1)
DA:6,0
DA:18,0
DA:19,0
DA:29,0
LF:4
LH:0
BRF:0
BRH:0
end_of_record
TN:
SF:/Users/maddi/code/billy/src/router/routes.js
FN:4,(anonymous_0)
FN:6,(anonymous_1)
FN:14,(anonymous_2)
FNF:3
FNH:0
FNDA:0,(anonymous_0)
FNDA:0,(anonymous_1)
FNDA:0,(anonymous_2)
DA:1,0
DA:4,0
DA:6,0
DA:12,0
DA:14,0
LF:5
LH:0
BRF:0
BRH:0
end_of_record
TN:
SF:/Users/maddi/code/billy/src/store/index.js
FNF:0
FNH:0
DA:5,0
LF:1
LH:0
BRF:0
BRH:0
end_of_record
TN:
SF:/Users/maddi/code/billy/src/store/contact/actions.js
FN:5,(anonymous_0)
FNF:1
FNH:0
FNDA:0,(anonymous_0)
DA:6,0
DA:7,0
DA:8,0
DA:10,0
LF:4
LH:0
BRF:0
BRH:0
end_of_record
TN:
SF:/Users/maddi/code/billy/src/store/contact/getters.js
FN:2,(anonymous_0)
FNF:1
FNH:0
FNDA:0,(anonymous_0)
LF:0
LH:0
BRF:0
BRH:0
end_of_record
TN:
SF:/Users/maddi/code/billy/src/store/contact/index.js
FNF:0
FNH:0
LF:0
LH:0
BRF:0
BRH:0
end_of_record
TN:
SF:/Users/maddi/code/billy/src/store/contact/mutations.js
FN:2,(anonymous_0)
FNF:1
FNH:0
FNDA:0,(anonymous_0)
LF:0
LH:0
BRF:0
BRH:0
end_of_record
TN:
SF:/Users/maddi/code/billy/src/store/contact/state.js
FN:1,(anonymous_0)
FNF:1
FNH:0
FNDA:0,(anonymous_0)
DA:2,0
LF:1
LH:0
BRF:0
BRH:0
end_of_record
TN:
SF:/Users/maddi/code/billy/src/store/contact/types.js
FNF:0
FNH:0
DA:2,0
DA:5,0
LF:2
LH:0
BRF:0
BRH:0
end_of_record
