TN:
SF:/Users/maddi/code/billy/src/App.vue
FN:10,created
FNF:1
FNH:0
FNDA:0,created
DA:11,0
DA:12,0
LF:2
LH:0
BRDA:11,0,0,0
BRDA:11,0,1,0
BRF:2
BRH:0
end_of_record
TN:
SF:/Users/maddi/code/billy/src/boot/axios.js
FN:14,(anonymous_0)
FN:19,(anonymous_1)
FNF:2
FNH:0
FNDA:0,(anonymous_0)
FNDA:0,(anonymous_1)
DA:5,0
DA:13,0
DA:17,0
DA:22,0
DA:26,0
DA:27,0
LF:6
LH:0
BRF:0
BRH:0
end_of_record
TN:
SF:/Users/maddi/code/billy/src/boot/logrocket.js
FNF:0
FNH:0
DA:2,0
LF:1
LH:0
BRF:0
BRH:0
end_of_record
TN:
SF:/Users/maddi/code/billy/src/boot/vuejs-logger.js
FN:14,(anonymous_0)
FNF:1
FNH:0
FNDA:0,(anonymous_0)
DA:3,0
DA:4,0
DA:15,0
LF:3
LH:0
BRF:0
BRH:0
end_of_record
TN:
SF:/Users/maddi/code/billy/src/classes/BillyForm.js
FN:4,(anonymous_0)
FN:13,(anonymous_1)
FN:20,(anonymous_2)
FN:26,(anonymous_3)
FN:32,(anonymous_4)
FN:43,(anonymous_5)
FN:47,(anonymous_6)
FN:52,(anonymous_7)
FN:57,(anonymous_8)
FN:65,(anonymous_9)
FNF:10
FNH:1
FNDA:1,(anonymous_0)
FNDA:0,(anonymous_1)
FNDA:0,(anonymous_2)
FNDA:0,(anonymous_3)
FNDA:0,(anonymous_4)
FNDA:0,(anonymous_5)
FNDA:0,(anonymous_6)
FNDA:0,(anonymous_7)
FNDA:0,(anonymous_8)
FNDA:0,(anonymous_9)
DA:5,1
DA:6,0
DA:7,0
DA:8,0
DA:9,0
DA:10,0
DA:15,0
DA:16,0
DA:17,0
DA:22,0
DA:23,0
DA:28,0
DA:29,0
DA:34,0
DA:36,0
DA:38,0
DA:39,0
DA:44,0
DA:48,0
DA:49,0
DA:54,0
DA:58,0
DA:60,0
DA:61,0
DA:67,0
DA:68,0
DA:69,0
DA:71,0
LF:28
LH:1
BRDA:4,0,0,0
BRDA:38,1,0,0
BRDA:38,1,1,0
BRDA:60,2,0,0
BRDA:60,2,1,0
BRDA:65,3,0,0
BRDA:68,4,0,0
BRDA:68,4,1,0
BRF:8
BRH:0
end_of_record
TN:
SF:/Users/maddi/code/billy/src/components/contact/ContactModal.vue
FN:79,data
FN:92,countryOptions
FN:93,(anonymous_3)
FN:101,created
FN:106,setForm
FN:132,(anonymous_6)
FN:105,_callee
FN:141,hide
FN:144,onHide
FN:147,onShow
FN:150,cancel
FN:155,(anonymous_14)
FN:177,(anonymous_18)
FN:185,(anonymous_22)
FNF:14
FNH:7
FNDA:1,data
FNDA:0,countryOptions
FNDA:0,(anonymous_3)
FNDA:1,created
FNDA:1,setForm
FNDA:1,(anonymous_6)
FNDA:0,_callee
FNDA:0,hide
FNDA:0,onHide
FNDA:0,onShow
FNDA:0,cancel
FNDA:1,(anonymous_14)
FNDA:1,(anonymous_18)
FNDA:1,(anonymous_22)
DA:75,1
DA:80,1
DA:93,0
DA:94,0
DA:102,1
DA:103,0
DA:105,8
DA:107,1
DA:108,1
DA:110,1
DA:111,0
DA:112,0
DA:120,1
DA:121,1
DA:129,1
DA:130,1
DA:134,0
DA:135,0
DA:136,0
DA:138,0
DA:142,0
DA:145,0
DA:148,0
DA:151,0
DA:152,0
DA:153,0
DA:156,0
DA:162,0
DA:170,0
DA:171,0
DA:173,0
DA:174,0
DA:178,0
DA:179,0
DA:182,0
DA:183,0
DA:186,0
DA:187,0
DA:190,0
DA:191,0
LF:40
LH:11
BRDA:110,0,0,0
BRDA:110,0,1,1
BRDA:105,1,0,0
BRDA:105,1,1,0
BRDA:105,1,2,0
BRDA:105,1,3,0
BRDA:105,1,4,0
BRDA:105,2,0,0
BRDA:105,2,1,0
BRDA:105,2,2,0
BRDA:105,2,3,0
BRDA:105,2,4,0
BRDA:105,2,5,0
BRDA:105,2,6,0
BRDA:105,2,7,0
BRDA:105,3,0,0
BRDA:105,3,1,0
BRDA:105,4,0,0
BRDA:105,4,1,0
BRDA:105,4,2,0
BRDA:105,4,3,0
BRDA:105,5,0,0
BRDA:105,5,1,0
BRDA:105,5,2,0
BRDA:105,5,3,0
BRF:25
BRH:1
end_of_record
TN:
SF:/Users/maddi/code/billy/src/components/contact/ContactsTable.vue
FN:76,data
FN:128,handler
FN:134,created
FN:138,(anonymous_4)
FN:137,_callee
FN:169,(anonymous_8)
FN:181,(anonymous_12)
FN:186,onAdded
FN:189,onUpdated
FN:192,onContactModelHide
FNF:10
FNH:0
FNDA:0,data
FNDA:0,handler
FNDA:0,created
FNDA:0,(anonymous_4)
FNDA:0,_callee
FNDA:0,(anonymous_8)
FNDA:0,(anonymous_12)
FNDA:0,onAdded
FNDA:0,onUpdated
FNDA:0,onContactModelHide
DA:69,0
DA:77,0
DA:129,0
DA:130,0
DA:135,0
DA:137,0
DA:139,0
DA:140,0
DA:141,0
DA:142,0
DA:143,0
DA:146,0
DA:155,0
DA:156,0
DA:157,0
DA:158,0
DA:159,0
DA:160,0
DA:161,0
DA:162,0
DA:163,0
DA:165,0
DA:167,0
DA:170,0
DA:172,0
DA:174,0
DA:175,0
DA:177,0
DA:178,0
DA:182,0
DA:183,0
DA:184,0
DA:187,0
DA:190,0
DA:193,0
DA:194,0
LF:36
LH:0
BRDA:137,0,0,0
BRDA:137,0,1,0
BRDA:137,0,2,0
BRDA:137,0,3,0
BRDA:137,0,4,0
BRDA:137,0,5,0
BRDA:137,1,0,0
BRDA:137,1,1,0
BRDA:140,2,0,0
BRDA:140,2,1,0
BRDA:152,3,0,0
BRDA:152,3,1,0
BRDA:137,4,0,0
BRDA:137,4,1,0
BRDA:137,4,2,0
BRDA:137,4,3,0
BRDA:137,4,4,0
BRDA:137,5,0,0
BRDA:137,5,1,0
BRDA:137,5,2,0
BRF:20
BRH:0
end_of_record
TN:
SF:/Users/maddi/code/billy/src/pages/contact/ContactList.vue
FNF:0
FNH:0
DA:10,0
LF:1
LH:0
BRF:0
BRH:0
end_of_record
TN:
SF:/Users/maddi/code/billy/src/router/index.js
FN:17,(anonymous_0)
FN:19,(anonymous_1)
FNF:2
FNH:0
FNDA:0,(anonymous_0)
FNDA:0,(anonymous_1)
DA:6,0
DA:18,0
DA:19,0
DA:29,0
LF:4
LH:0
BRF:0
BRH:0
end_of_record
TN:
SF:/Users/maddi/code/billy/src/router/routes.js
FN:4,(anonymous_0)
FN:6,(anonymous_1)
FN:14,(anonymous_2)
FNF:3
FNH:0
FNDA:0,(anonymous_0)
FNDA:0,(anonymous_1)
FNDA:0,(anonymous_2)
DA:1,0
DA:4,0
DA:6,0
DA:12,0
DA:14,0
LF:5
LH:0
BRF:0
BRH:0
end_of_record
TN:
SF:/Users/maddi/code/billy/src/store/index.js
FNF:0
FNH:0
DA:5,0
LF:1
LH:0
BRF:0
BRH:0
end_of_record
TN:
SF:/Users/maddi/code/billy/src/store/contact/actions.js
FN:5,(anonymous_0)
FNF:1
FNH:0
FNDA:0,(anonymous_0)
DA:6,0
DA:7,0
DA:8,0
DA:10,0
LF:4
LH:0
BRF:0
BRH:0
end_of_record
TN:
SF:/Users/maddi/code/billy/src/store/contact/getters.js
FN:2,(anonymous_0)
FNF:1
FNH:0
FNDA:0,(anonymous_0)
LF:0
LH:0
BRF:0
BRH:0
end_of_record
TN:
SF:/Users/maddi/code/billy/src/store/contact/index.js
FNF:0
FNH:0
LF:0
LH:0
BRF:0
BRH:0
end_of_record
TN:
SF:/Users/maddi/code/billy/src/store/contact/mutations.js
FN:2,(anonymous_0)
FNF:1
FNH:0
FNDA:0,(anonymous_0)
LF:0
LH:0
BRF:0
BRH:0
end_of_record
TN:
SF:/Users/maddi/code/billy/src/store/contact/state.js
FN:1,(anonymous_0)
FNF:1
FNH:0
FNDA:0,(anonymous_0)
DA:2,0
LF:1
LH:0
BRF:0
BRH:0
end_of_record
TN:
SF:/Users/maddi/code/billy/src/store/contact/types.js
FNF:0
FNH:0
DA:2,0
DA:5,0
LF:2
LH:0
BRF:0
BRH:0
end_of_record
